[debug] [2021-05-10T02:11:01.450Z] ----------------------------------------------------------------------
[debug] [2021-05-10T02:11:01.452Z] Command:       /usr/local/bin/node /usr/local/bin/firebase serve
[debug] [2021-05-10T02:11:01.453Z] CLI Version:   9.0.1
[debug] [2021-05-10T02:11:01.453Z] Platform:      darwin
[debug] [2021-05-10T02:11:01.453Z] Node Version:  v14.15.3
[debug] [2021-05-10T02:11:01.454Z] Time:          Sun May 09 2021 22:11:01 GMT-0400 (Eastern Daylight Time)
[debug] [2021-05-10T02:11:01.454Z] ----------------------------------------------------------------------
[debug] [2021-05-10T02:11:01.454Z] 
[debug] [2021-05-10T02:11:01.461Z] > command requires scopes: ["email","openid","https://www.googleapis.com/auth/cloudplatformprojects.readonly","https://www.googleapis.com/auth/firebase","https://www.googleapis.com/auth/cloud-platform"]
[debug] [2021-05-10T02:11:01.462Z] > authorizing via signed-in user
[debug] [2021-05-10T02:11:01.462Z] [iam] checking project picture-gallery-b2712 for permissions ["firebase.projects.get"]
[debug] [2021-05-10T02:11:01.465Z] >>> HTTP REQUEST POST https://cloudresourcemanager.googleapis.com/v1/projects/picture-gallery-b2712:testIamPermissions  
 {"permissions":["firebase.projects.get"]}
[debug] [2021-05-10T02:11:01.669Z] <<< HTTP RESPONSE 200 {"content-type":"application/json; charset=UTF-8","vary":"X-Origin, Referer, Origin,Accept-Encoding","date":"Mon, 10 May 2021 02:11:01 GMT","server":"ESF","cache-control":"private","x-xss-protection":"0","x-frame-options":"SAMEORIGIN","x-content-type-options":"nosniff","server-timing":"gfet4t7; dur=50","alt-svc":"h3-29=\":443\"; ma=2592000,h3-T051=\":443\"; ma=2592000,h3-Q050=\":443\"; ma=2592000,h3-Q046=\":443\"; ma=2592000,h3-Q043=\":443\"; ma=2592000,quic=\":443\"; ma=2592000; v=\"46,43\"","accept-ranges":"none","transfer-encoding":"chunked"}
[debug] [2021-05-10T02:11:01.671Z] >>> HTTP REQUEST GET https://firebase.googleapis.com/v1beta1/projects/picture-gallery-b2712  
 
[debug] [2021-05-10T02:11:01.881Z] <<< HTTP RESPONSE 200 {"content-type":"application/json; charset=UTF-8","vary":"X-Origin, Referer, Origin,Accept-Encoding","date":"Mon, 10 May 2021 02:11:02 GMT","server":"ESF","cache-control":"private","x-xss-protection":"0","x-frame-options":"SAMEORIGIN","x-content-type-options":"nosniff","alt-svc":"h3-29=\":443\"; ma=2592000,h3-T051=\":443\"; ma=2592000,h3-Q050=\":443\"; ma=2592000,h3-Q046=\":443\"; ma=2592000,h3-Q043=\":443\"; ma=2592000,quic=\":443\"; ma=2592000; v=\"46,43\"","accept-ranges":"none","transfer-encoding":"chunked"}
[info] 
[info] === Serving from '/Users/chaitali/Desktop/image_gallery'...
[info] 
[debug] [2021-05-10T02:11:01.883Z] >>> HTTP REQUEST GET https://firebase.googleapis.com/v1beta1/projects/picture-gallery-b2712/webApps/-/config  
 
[debug] [2021-05-10T02:11:02.290Z] <<< HTTP RESPONSE 200 {"content-type":"application/json; charset=UTF-8","vary":"X-Origin, Referer, Origin,Accept-Encoding","date":"Mon, 10 May 2021 02:11:02 GMT","server":"ESF","cache-control":"private","x-xss-protection":"0","x-frame-options":"SAMEORIGIN","x-content-type-options":"nosniff","alt-svc":"h3-29=\":443\"; ma=2592000,h3-T051=\":443\"; ma=2592000,h3-Q050=\":443\"; ma=2592000,h3-Q046=\":443\"; ma=2592000,h3-Q043=\":443\"; ma=2592000,quic=\":443\"; ma=2592000; v=\"46,43\"","accept-ranges":"none","transfer-encoding":"chunked"}
[info] i  hosting: Serving hosting files from: public {"metadata":{"emulator":{"name":"hosting"},"message":"Serving hosting files from: \u001b[1mpublic\u001b[22m"}}
[info] ✔  hosting: Local server: http://localhost:5000 {"metadata":{"emulator":{"name":"hosting"},"message":"Local server: \u001b[4m\u001b[1mhttp://localhost:5000\u001b[22m\u001b[24m"}}
